SF:lib\auth\http_bearer_auth.dart
DA:6,0
DA:10,0
DA:12,0
DA:13,0
DA:14,0
DA:17,0
DA:20,0
DA:23,0
DA:29,0
DA:30,0
DA:31,0
DA:32,0
DA:37,0
DA:38,0
LF:14
LH:0
end_of_record
SF:lib\model\pin.dart
DA:5,2
DA:33,1
DA:36,1
DA:37,3
DA:38,3
DA:39,3
DA:40,3
DA:41,3
DA:43,0
DA:46,0
DA:47,0
DA:48,0
DA:49,0
DA:50,0
DA:52,1
DA:54,6
DA:56,0
DA:57,0
DA:58,0
DA:59,0
DA:61,0
DA:62,0
DA:64,0
DA:65,0
DA:67,0
DA:68,0
DA:70,0
DA:71,0
DA:79,1
DA:80,1
DA:81,1
DA:82,1
DA:87,2
DA:88,2
DA:89,2
DA:90,0
DA:91,2
DA:92,0
DA:95,1
DA:97,1
DA:98,1
DA:99,1
DA:100,1
DA:101,2
DA:102,1
DA:108,1
DA:129,0
DA:130,0
DA:131,0
DA:132,0
DA:133,0
DA:134,0
DA:136,0
DA:144,0
DA:148,0
DA:149,0
DA:150,0
DA:151,0
DA:152,0
DA:153,0
DA:157,0
LF:61
LH:26
end_of_record
SF:lib\model\status.dart
DA:5,2
DA:28,2
DA:31,2
DA:32,6
DA:33,6
DA:34,6
DA:35,6
DA:36,6
DA:38,0
DA:41,0
DA:42,0
DA:43,0
DA:44,0
DA:45,0
DA:47,0
DA:49,0
DA:51,0
DA:52,0
DA:53,0
DA:54,0
DA:56,0
DA:57,0
DA:58,0
DA:60,0
DA:61,0
DA:68,1
DA:69,1
DA:71,3
DA:76,2
DA:77,1
DA:78,0
DA:79,0
DA:80,0
DA:81,0
DA:84,1
DA:86,1
DA:87,1
DA:88,1
DA:90,3
DA:91,1
DA:92,2
DA:93,2
DA:99,0
DA:103,0
DA:104,0
DA:105,0
DA:106,0
DA:108,0
DA:112,0
DA:115,0
DA:116,0
DA:117,0
DA:118,0
DA:119,0
DA:120,0
DA:122,0
DA:130,0
DA:134,0
DA:135,0
DA:136,0
DA:137,0
DA:138,0
DA:139,0
DA:143,0
LF:64
LH:21
end_of_record
SF:lib\auth\oauth.dart
DA:4,0
DA:8,0
DA:11,0
DA:12,0
LF:4
LH:0
end_of_record
SF:lib\api_client.dart
DA:4,0
DA:13,0
DA:16,0
DA:17,0
DA:23,0
DA:24,0
DA:27,0
DA:31,0
DA:40,0
DA:42,0
DA:44,0
DA:47,0
DA:48,0
DA:49,0
DA:50,0
DA:51,0
DA:55,0
DA:57,0
DA:58,0
DA:59,0
DA:60,0
DA:61,0
DA:62,0
DA:63,0
DA:65,0
DA:68,0
DA:69,0
DA:72,0
DA:73,0
DA:74,0
DA:75,0
DA:76,0
DA:77,0
DA:78,0
DA:79,0
DA:82,0
DA:84,0
DA:85,0
DA:88,0
DA:89,0
DA:94,0
DA:95,0
DA:100,0
DA:101,0
DA:106,0
DA:107,0
DA:112,0
DA:113,0
DA:117,0
DA:118,0
DA:123,0
DA:124,0
DA:126,0
DA:130,0
DA:131,0
DA:133,0
DA:137,0
DA:138,0
DA:140,0
DA:144,0
DA:145,0
DA:147,0
DA:151,0
DA:152,0
DA:154,0
DA:160,0
DA:162,0
DA:166,0
DA:172,0
DA:174,0
DA:183,0
DA:186,0
DA:188,0
DA:192,0
DA:194,0
DA:196,0
DA:199,0
DA:203,0
DA:204,0
DA:208,0
DA:212,0
DA:213,0
DA:214,0
DA:215,0
DA:216,0
DA:217,0
DA:218,0
DA:219,0
DA:222,0
DA:223,0
DA:224,0
DA:225,0
DA:226,0
DA:227,0
DA:228,0
DA:229,0
DA:230,0
DA:231,0
DA:232,0
DA:233,0
DA:234,0
DA:235,0
DA:236,0
DA:237,0
DA:238,0
DA:239,0
DA:242,0
DA:243,0
DA:245,0
DA:250,0
DA:252,0
DA:253,0
DA:255,0
DA:260,0
DA:262,0
DA:263,0
DA:264,0
DA:265,0
DA:266,0
DA:274,0
DA:275,0
DA:282,0
DA:291,0
DA:308,0
DA:310,0
DA:313,0
DA:314,0
DA:315,0
DA:316,0
DA:318,0
DA:323,0
DA:324,0
LF:132
LH:0
end_of_record
SF:lib\api_helper.dart
DA:4,0
DA:9,0
DA:11,0
DA:15,0
DA:21,0
DA:23,0
DA:25,0
DA:26,0
DA:27,0
DA:28,0
DA:33,0
DA:37,0
DA:39,0
DA:41,0
DA:44,0
DA:51,0
DA:55,0
DA:56,0
DA:58,0
DA:59,0
DA:61,0
DA:66,0
DA:67,0
DA:69,0
DA:70,0
DA:72,0
DA:73,0
DA:77,7
DA:78,14
DA:79,7
DA:83,0
DA:84,0
DA:85,0
DA:89,2
DA:90,4
DA:93,2
DA:95,2
DA:96,2
DA:97,0
DA:99,2
DA:103,0
LF:41
LH:9
end_of_record
SF:lib\api_exception.dart
DA:4,0
DA:6,0
DA:14,0
DA:16,0
DA:19,0
DA:20,0
DA:22,0
LF:7
LH:0
end_of_record
SF:lib\model\forbidden_error_response.dart
DA:5,1
DA:14,1
DA:17,1
DA:18,3
DA:19,3
DA:21,0
DA:24,0
DA:26,0
DA:27,0
DA:29,0
DA:30,0
DA:31,0
DA:32,0
DA:33,0
DA:41,1
DA:42,1
DA:43,1
DA:48,2
DA:49,1
DA:50,0
DA:51,0
DA:52,0
DA:53,0
DA:56,1
DA:58,1
DA:59,1
DA:60,2
DA:66,0
DA:70,0
DA:71,0
DA:72,0
DA:73,0
DA:75,0
DA:79,0
DA:82,0
DA:83,0
DA:84,0
DA:85,0
DA:86,0
DA:87,0
DA:89,0
DA:97,0
DA:101,0
DA:102,0
DA:103,0
DA:104,0
DA:105,0
DA:106,0
DA:110,0
DA:123,9
DA:128,1
DA:129,1
DA:131,0
DA:144,1
DA:145,2
DA:147,0
DA:151,0
DA:152,0
DA:153,0
DA:154,0
DA:156,0
DA:160,0
DA:167,1
DA:170,9
DA:172,0
DA:182,1
DA:185,1
DA:186,1
DA:188,0
DA:192,0
LF:70
LH:24
end_of_record
SF:lib\model\deal.dart
DA:5,2
DA:50,1
DA:53,1
DA:54,3
DA:55,3
DA:56,3
DA:57,3
DA:58,3
DA:59,3
DA:60,3
DA:61,3
DA:62,3
DA:64,0
DA:67,0
DA:68,0
DA:69,0
DA:70,0
DA:71,0
DA:72,0
DA:73,0
DA:74,0
DA:75,0
DA:77,1
DA:79,10
DA:81,0
DA:82,0
DA:83,0
DA:84,0
DA:86,0
DA:87,0
DA:89,0
DA:90,0
DA:91,0
DA:93,0
DA:94,0
DA:96,0
DA:97,0
DA:99,0
DA:100,0
DA:102,0
DA:103,0
DA:110,1
DA:111,1
DA:112,1
DA:116,2
DA:117,2
DA:118,2
DA:119,0
DA:120,2
DA:121,0
DA:124,1
DA:126,1
DA:127,1
DA:129,3
DA:130,1
DA:131,2
DA:132,1
DA:133,1
DA:134,1
DA:135,1
DA:136,1
DA:137,1
DA:143,1
DA:161,0
DA:162,0
DA:163,0
DA:164,0
DA:165,0
DA:166,0
DA:168,0
DA:176,0
DA:180,0
DA:181,0
DA:182,0
DA:183,0
DA:184,0
DA:185,0
DA:189,0
DA:207,9
DA:212,1
DA:213,1
DA:215,0
DA:228,1
DA:229,2
DA:231,0
DA:235,0
DA:236,0
DA:237,0
DA:238,0
DA:240,0
DA:244,0
DA:251,1
DA:254,9
DA:256,0
DA:266,1
DA:268,1
DA:269,1
DA:271,1
DA:273,1
DA:277,0
LF:100
LH:46
end_of_record
SF:lib\model\unauthorized_error_response.dart
DA:5,1
DA:14,1
DA:17,1
DA:18,3
DA:19,3
DA:21,0
DA:24,0
DA:26,0
DA:28,0
DA:30,0
DA:31,0
DA:32,0
DA:33,0
DA:40,1
DA:41,1
DA:42,1
DA:47,2
DA:48,1
DA:49,0
DA:50,0
DA:51,0
DA:52,0
DA:55,1
DA:57,1
DA:58,1
DA:59,1
DA:65,0
DA:69,0
DA:70,0
DA:71,0
DA:72,0
DA:74,0
DA:78,0
DA:81,0
DA:82,0
DA:83,0
DA:84,0
DA:85,0
DA:86,0
DA:88,0
DA:96,0
DA:100,0
DA:101,0
DA:102,0
DA:103,0
DA:104,0
DA:105,0
DA:109,0
LF:48
LH:14
end_of_record
SF:lib\api\web3_storage_httpapi_api.dart
DA:4,0
DA:5,0
DA:18,0
DA:22,0
DA:27,0
DA:28,0
DA:29,0
DA:33,0
DA:40,0
DA:51,0
DA:54,0
DA:57,0
DA:58,0
DA:63,0
DA:64,0
DA:65,0
DA:66,0
DA:82,0
DA:86,0
DA:91,0
DA:92,0
DA:93,0
DA:97,0
DA:104,0
DA:115,0
DA:118,0
DA:121,0
DA:122,0
DA:127,0
DA:128,0
DA:129,0
DA:130,0
DA:142,0
DA:149,0
DA:150,0
DA:151,0
DA:155,0
DA:162,0
DA:169,0
DA:170,0
DA:171,0
DA:172,0
DA:177,0
DA:178,0
DA:179,0
DA:180,0
DA:182,0
DA:183,0
DA:210,0
DA:223,0
DA:224,0
DA:225,0
DA:228,0
DA:231,0
DA:234,0
DA:237,0
DA:240,0
DA:245,0
DA:252,0
DA:276,0
DA:283,0
DA:290,0
DA:291,0
DA:296,0
DA:297,0
DA:298,0
DA:299,0
DA:301,0
DA:302,0
DA:316,0
DA:320,0
DA:325,0
DA:326,0
DA:327,0
DA:331,0
DA:338,0
DA:349,0
DA:352,0
DA:355,0
DA:356,0
DA:369,0
DA:378,0
DA:379,0
DA:380,0
DA:387,0
DA:394,0
DA:405,0
DA:408,0
DA:411,0
DA:412,0
DA:417,0
DA:418,0
DA:419,0
DA:420,0
DA:436,0
DA:445,0
DA:446,0
DA:447,0
DA:452,0
DA:455,0
DA:456,0
DA:462,0
DA:469,0
DA:480,0
DA:483,0
DA:486,0
DA:487,0
DA:492,0
DA:493,0
DA:494,0
DA:495,0
LF:111
LH:0
end_of_record
SF:lib\model\pin_status.dart
DA:5,9
DA:10,2
DA:11,2
DA:13,0
DA:26,1
DA:27,2
DA:29,0
DA:33,0
DA:34,0
DA:35,0
DA:36,0
DA:38,0
DA:42,0
DA:49,1
DA:52,9
DA:54,0
DA:64,1
DA:66,1
DA:67,1
DA:69,1
DA:71,1
DA:75,0
LF:22
LH:12
end_of_record
SF:lib\model\error_response.dart
DA:5,1
DA:14,1
DA:17,7
DA:19,0
DA:22,0
DA:23,0
DA:25,0
DA:26,0
DA:28,0
DA:29,0
DA:30,0
DA:31,0
DA:33,0
DA:34,0
DA:42,1
DA:43,1
DA:44,1
DA:49,2
DA:50,1
DA:51,0
DA:52,0
DA:53,0
DA:54,0
DA:57,1
DA:59,1
DA:60,1
DA:61,1
DA:67,0
DA:71,0
DA:72,0
DA:73,0
DA:74,0
DA:76,0
DA:80,0
DA:83,0
DA:84,0
DA:85,0
DA:86,0
DA:87,0
DA:88,0
DA:90,0
DA:98,0
DA:102,0
DA:103,0
DA:104,0
DA:105,0
DA:106,0
DA:107,0
DA:111,0
LF:49
LH:12
end_of_record
SF:lib\auth\api_key_auth.dart
DA:4,0
DA:12,0
DA:15,0
DA:17,0
DA:18,0
DA:19,0
DA:20,0
DA:21,0
DA:22,0
DA:23,0
DA:25,0
DA:26,0
LF:12
LH:0
end_of_record
SF:lib\model\upload_response.dart
DA:5,1
DA:13,1
DA:15,4
DA:17,0
DA:20,0
DA:22,0
DA:23,0
DA:25,0
DA:26,0
DA:27,0
DA:28,0
DA:36,1
DA:37,1
DA:38,1
DA:43,2
DA:44,1
DA:45,0
DA:46,0
DA:47,0
DA:48,0
DA:51,1
DA:53,1
DA:54,1
DA:60,0
DA:64,0
DA:65,0
DA:66,0
DA:67,0
DA:69,0
DA:73,0
DA:76,0
DA:77,0
DA:78,0
DA:79,0
DA:80,0
DA:81,0
DA:83,0
DA:91,0
DA:95,0
DA:96,0
DA:97,0
DA:98,0
DA:99,0
DA:100,0
DA:104,0
LF:45
LH:11
end_of_record
SF:lib\auth\http_basic_auth.dart
DA:4,0
DA:9,0
DA:12,0
DA:13,0
DA:14,0
DA:15,0
LF:6
LH:0
end_of_record
SF:lib\api.dart
DA:36,0
DA:37,0
DA:38,0
DA:39,0
DA:41,0
LF:5
LH:0
end_of_record
